My project/Library/Bee/Android/Prj/IL2CPP/Gradle/launcher/build/intermediates/manifest_merge_blame_file/release/manifest-merger-blame-release-report.txt
1<?xml version="1.0" encoding="utf-8"?>
2<manifest xmlns:android="http://schemas.android.com/apk/res/android"
3    package="com.UnityTechnologies.com.unity.template.urpblank"
4    android:installLocation="preferExternal"
5    android:versionCode="1"
6    android:versionName="0.1.0" >
7
8    <uses-sdk
9        android:minSdkVersion="24"
9-->src\main\AndroidManifest.xml
10        android:targetSdkVersion="33" />
10-->src\main\AndroidManifest.xml
11
12    <supports-screens
12-->src\main\AndroidManifest.xml:4:3-163
13        android:anyDensity="true"
13-->src\main\AndroidManifest.xml:4:135-160
14        android:largeScreens="true"
14-->src\main\AndroidManifest.xml:4:78-105
15        android:normalScreens="true"
15-->src\main\AndroidManifest.xml:4:49-77
16        android:smallScreens="true"
16-->src\main\AndroidManifest.xml:4:21-48
17        android:xlargeScreens="true" />
17-->src\main\AndroidManifest.xml:4:106-134
18
19    <uses-permission android:name="android.permission.INTERNET" />
19-->[:unityLibrary] AndroidManifest.xml:10:5-67
19-->[:unityLibrary] AndroidManifest.xml:10:22-64
20
21    <uses-feature android:glEsVersion="0x00030000" />
21-->[:unityLibrary] AndroidManifest.xml:12:5-54
21-->[:unityLibrary] AndroidManifest.xml:12:19-51
22    <uses-feature
22-->[:unityLibrary] AndroidManifest.xml:13:5-15:36
23        android:name="android.hardware.touchscreen"
23-->[:unityLibrary] AndroidManifest.xml:14:9-52
24        android:required="false" />
24-->[:unityLibrary] AndroidManifest.xml:15:9-33
25    <uses-feature
25-->[:unityLibrary] AndroidManifest.xml:16:5-18:36
26        android:name="android.hardware.touchscreen.multitouch"
26-->[:unityLibrary] AndroidManifest.xml:17:9-63
27        android:required="false" />
27-->[:unityLibrary] AndroidManifest.xml:18:9-33
28    <uses-feature
28-->[:unityLibrary] AndroidManifest.xml:19:5-21:36
29        android:name="android.hardware.touchscreen.multitouch.distinct"
29-->[:unityLibrary] AndroidManifest.xml:20:9-72
30        android:required="false" />
30-->[:unityLibrary] AndroidManifest.xml:21:9-33
31
32    <uses-permission android:name="android.permission.CAMERA" />
32-->[:unityLibrary] AndroidManifest.xml:23:5-65
32-->[:unityLibrary] AndroidManifest.xml:23:22-62
33
34    <uses-feature
34-->[:unityLibrary] AndroidManifest.xml:25:5-27:35
35        android:name="android.hardware.camera.ar"
35-->[:unityLibrary] AndroidManifest.xml:26:9-50
36        android:required="true" />
36-->[:unityLibrary] AndroidManifest.xml:27:9-32
37    <uses-feature
37-->[:unityLibrary] AndroidManifest.xml:28:5-30:35
38        android:name="com.google.ar.core.depth"
38-->[:unityLibrary] AndroidManifest.xml:29:9-48
39        android:required="true" />
39-->[:unityLibrary] AndroidManifest.xml:30:9-32
40
41    <queries>
41-->[:arcore_client:] AndroidManifest.xml:20:5-27:15
42        <package android:name="com.google.ar.core" />
42-->[:arcore_client:] AndroidManifest.xml:21:9-54
42-->[:arcore_client:] AndroidManifest.xml:21:18-51
43        <package android:name="com.android.vending" />
43-->[:arcore_client:] AndroidManifest.xml:22:9-55
43-->[:arcore_client:] AndroidManifest.xml:22:18-52
44
45        <intent>
45-->[:arcore_client:] AndroidManifest.xml:24:9-26:18
46            <action android:name="com.google.android.play.core.install.BIND_INSTALL_SERVICE" />
46-->[:arcore_client:] AndroidManifest.xml:25:13-96
46-->[:arcore_client:] AndroidManifest.xml:25:21-93
47        </intent>
48    </queries>
49
50    <application
50-->src\main\AndroidManifest.xml:3:3-83
51        android:extractNativeLibs="true"
51-->[:unityLibrary] AndroidManifest.xml:32:18-50
52        android:icon="@mipmap/app_icon"
52-->src\main\AndroidManifest.xml:3:16-47
53        android:label="@string/app_name" >
53-->src\main\AndroidManifest.xml:3:48-80
54        <meta-data
54-->[:unityLibrary] AndroidManifest.xml:33:9-35:33
55            android:name="unity.splash-mode"
55-->[:unityLibrary] AndroidManifest.xml:34:13-45
56            android:value="0" />
56-->[:unityLibrary] AndroidManifest.xml:35:13-30
57        <meta-data
57-->[:unityLibrary] AndroidManifest.xml:36:9-38:36
58            android:name="unity.splash-enable"
58-->[:unityLibrary] AndroidManifest.xml:37:13-47
59            android:value="True" />
59-->[:unityLibrary] AndroidManifest.xml:38:13-33
60        <meta-data
60-->[:unityLibrary] AndroidManifest.xml:39:9-41:36
61            android:name="unity.launch-fullscreen"
61-->[:unityLibrary] AndroidManifest.xml:40:13-51
62            android:value="True" />
62-->[:unityLibrary] AndroidManifest.xml:41:13-33
63        <meta-data
63-->[:unityLibrary] AndroidManifest.xml:42:9-44:36
64            android:name="unity.render-outside-safearea"
64-->[:unityLibrary] AndroidManifest.xml:43:13-57
65            android:value="True" />
65-->[:unityLibrary] AndroidManifest.xml:44:13-33
66        <meta-data
66-->[:unityLibrary] AndroidManifest.xml:45:9-47:50
67            android:name="notch.config"
67-->[:unityLibrary] AndroidManifest.xml:46:13-40
68            android:value="portrait|landscape" />
68-->[:unityLibrary] AndroidManifest.xml:47:13-47
69        <meta-data
69-->[:unityLibrary] AndroidManifest.xml:48:9-50:36
70            android:name="unity.auto-report-fully-drawn"
70-->[:unityLibrary] AndroidManifest.xml:49:13-57
71            android:value="true" />
71-->[:unityLibrary] AndroidManifest.xml:50:13-33
72        <meta-data
72-->[:unityLibrary] AndroidManifest.xml:51:9-53:36
73            android:name="unity.strip-engine-code"
73-->[:unityLibrary] AndroidManifest.xml:52:13-51
74            android:value="true" />
74-->[:unityLibrary] AndroidManifest.xml:53:13-33
75
76        <activity
76-->[:unityLibrary] AndroidManifest.xml:55:9-77:20
77            android:name="com.unity3d.player.UnityPlayerActivity"
77-->[:unityLibrary] AndroidManifest.xml:56:13-66
78            android:configChanges="mcc|mnc|locale|touchscreen|keyboard|keyboardHidden|navigation|orientation|screenLayout|uiMode|screenSize|smallestScreenSize|fontScale|layoutDirection|density"
78-->[:unityLibrary] AndroidManifest.xml:57:13-194
79            android:enabled="true"
79-->[:unityLibrary] AndroidManifest.xml:58:13-35
80            android:exported="true"
80-->[:unityLibrary] AndroidManifest.xml:59:13-36
81            android:hardwareAccelerated="false"
81-->[:unityLibrary] AndroidManifest.xml:60:13-48
82            android:launchMode="singleTask"
82-->[:unityLibrary] AndroidManifest.xml:61:13-44
83            android:resizeableActivity="false"
83-->[:unityLibrary] AndroidManifest.xml:62:13-47
84            android:screenOrientation="fullUser"
84-->[:unityLibrary] AndroidManifest.xml:63:13-49
85            android:theme="@style/UnityThemeSelector" >
85-->[:unityLibrary] AndroidManifest.xml:64:13-54
86            <intent-filter>
86-->[:unityLibrary] AndroidManifest.xml:65:13-69:29
87                <category android:name="android.intent.category.LAUNCHER" />
87-->[:unityLibrary] AndroidManifest.xml:66:17-77
87-->[:unityLibrary] AndroidManifest.xml:66:27-74
88
89                <action android:name="android.intent.action.MAIN" />
89-->[:unityLibrary] AndroidManifest.xml:68:17-69
89-->[:unityLibrary] AndroidManifest.xml:68:25-66
90            </intent-filter>
91
92            <meta-data
92-->[:unityLibrary] AndroidManifest.xml:71:13-73:40
93                android:name="unityplayer.UnityActivity"
93-->[:unityLibrary] AndroidManifest.xml:72:17-57
94                android:value="true" />
94-->[:unityLibrary] AndroidManifest.xml:73:17-37
95            <meta-data
95-->[:unityLibrary] AndroidManifest.xml:74:13-76:40
96                android:name="notch_support"
96-->[:unityLibrary] AndroidManifest.xml:75:17-45
97                android:value="true" />
97-->[:unityLibrary] AndroidManifest.xml:76:17-37
98        </activity>
99
100        <meta-data
100-->[:unityLibrary] AndroidManifest.xml:79:9-81:36
101            android:name="unityplayer.SkipPermissionsDialog"
101-->[:unityLibrary] AndroidManifest.xml:80:13-61
102            android:value="true" />
102-->[:unityLibrary] AndroidManifest.xml:81:13-33
103        <meta-data
103-->[:unityLibrary] AndroidManifest.xml:82:9-84:40
104            android:name="com.google.ar.core"
104-->[:unityLibrary] AndroidManifest.xml:83:13-46
105            android:value="required" /> <!-- The minimal version code of ARCore APK required for an app using this SDK. -->
105-->[:unityLibrary] AndroidManifest.xml:84:13-37
106        <meta-data
106-->[:arcore_client:] AndroidManifest.xml:32:9-34:41
107            android:name="com.google.ar.core.min_apk_version"
107-->[:arcore_client:] AndroidManifest.xml:33:13-62
108            android:value="240220000" /> <!-- This activity is critical for installing ARCore when it is not already present. -->
108-->[:arcore_client:] AndroidManifest.xml:34:13-38
109        <activity
109-->[:arcore_client:] AndroidManifest.xml:36:9-42:80
110            android:name="com.google.ar.core.InstallActivity"
110-->[:arcore_client:] AndroidManifest.xml:37:13-62
111            android:configChanges="keyboardHidden|orientation|screenSize"
111-->[:arcore_client:] AndroidManifest.xml:38:13-74
112            android:excludeFromRecents="true"
112-->[:arcore_client:] AndroidManifest.xml:39:13-46
113            android:exported="false"
113-->[:arcore_client:] AndroidManifest.xml:40:13-37
114            android:launchMode="singleTop"
114-->[:arcore_client:] AndroidManifest.xml:41:13-43
115            android:theme="@android:style/Theme.Material.Light.Dialog.Alert" />
115-->[:arcore_client:] AndroidManifest.xml:42:13-77
116    </application>
117
118</manifest>